# JRE version: OpenJDK Runtime Environment (8.0_412-b08) (build 1.8.0_412-b08)
# Java VM: OpenJDK 64-Bit Server VM (25.412-b08 mixed mode windows-amd64 compressed oops)
Heap:
 PSYoungGen      total 149504K, used 42832K [0x00000000eb800000, 0x00000000f5b00000, 0x0000000100000000)
  eden space 138240K, 29% used [0x00000000eb800000,0x00000000ee060798,0x00000000f3f00000)
  from space 11264K, 13% used [0x00000000f3f00000,0x00000000f4073890,0x00000000f4a00000)
  to   space 10752K, 0% used [0x00000000f5080000,0x00000000f5080000,0x00000000f5b00000)
 ParOldGen       total 50688K, used 18169K [0x00000000c2800000, 0x00000000c5980000, 0x00000000eb800000)
  object space 50688K, 35% used [0x00000000c2800000,0x00000000c39be498,0x00000000c5980000)
 Metaspace       used 24790K, capacity 25147K, committed 25344K, reserved 1071104K
  class space    used 2918K, capacity 3016K, committed 3072K, reserved 1048576K
GC Heap History (10 events):
Event: 36.612 GC heap before
{Heap before GC invocations=16 (full 1):
 PSYoungGen      total 138240K, used 128238K [0x00000000eb800000, 0x00000000f4f00000, 0x0000000100000000)
  eden space 126976K, 100% used [0x00000000eb800000,0x00000000f3400000,0x00000000f3400000)
  from space 11264K, 11% used [0x00000000f4400000,0x00000000f453b890,0x00000000f4f00000)
  to   space 13824K, 0% used [0x00000000f3400000,0x00000000f3400000,0x00000000f4180000)
 ParOldGen       total 50688K, used 18161K [0x00000000c2800000, 0x00000000c5980000, 0x00000000eb800000)
  object space 50688K, 35% used [0x00000000c2800000,0x00000000c39bc498,0x00000000c5980000)
 Metaspace       used 24779K, capacity 25141K, committed 25344K, reserved 1071104K
  class space    used 2917K, capacity 3015K, committed 3072K, reserved 1048576K
Event: 36.617 GC heap after
Heap after GC invocations=16 (full 1):
 PSYoungGen      total 140800K, used 1294K [0x00000000eb800000, 0x00000000f4f00000, 0x0000000100000000)
  eden space 126976K, 0% used [0x00000000eb800000,0x00000000eb800000,0x00000000f3400000)
  from space 13824K, 9% used [0x00000000f3400000,0x00000000f3543890,0x00000000f4180000)
  to   space 11264K, 0% used [0x00000000f4400000,0x00000000f4400000,0x00000000f4f00000)
 ParOldGen       total 50688K, used 18169K [0x00000000c2800000, 0x00000000c5980000, 0x00000000eb800000)
  object space 50688K, 35% used [0x00000000c2800000,0x00000000c39be498,0x00000000c5980000)
 Metaspace       used 24779K, capacity 25141K, committed 25344K, reserved 1071104K
  class space    used 2917K, capacity 3015K, committed 3072K, reserved 1048576K
}
Event: 38.288 GC heap before
{Heap before GC invocations=17 (full 1):
 PSYoungGen      total 140800K, used 128270K [0x00000000eb800000, 0x00000000f4f00000, 0x0000000100000000)
  eden space 126976K, 100% used [0x00000000eb800000,0x00000000f3400000,0x00000000f3400000)
  from space 13824K, 9% used [0x00000000f3400000,0x00000000f3543890,0x00000000f4180000)
  to   space 11264K, 0% used [0x00000000f4400000,0x00000000f4400000,0x00000000f4f00000)
 ParOldGen       total 50688K, used 18169K [0x00000000c2800000, 0x00000000c5980000, 0x00000000eb800000)
  object space 50688K, 35% used [0x00000000c2800000,0x00000000c39be498,0x00000000c5980000)
 Metaspace       used 24783K, capacity 25147K, committed 25344K, reserved 1071104K
  class space    used 2918K, capacity 3016K, committed 3072K, reserved 1048576K
Event: 38.293 GC heap after
Heap after GC invocations=17 (full 1):
 PSYoungGen      total 142336K, used 1358K [0x00000000eb800000, 0x00000000f5680000, 0x0000000100000000)
  eden space 131072K, 0% used [0x00000000eb800000,0x00000000eb800000,0x00000000f3800000)
  from space 11264K, 12% used [0x00000000f4400000,0x00000000f4553890,0x00000000f4f00000)
  to   space 12288K, 0% used [0x00000000f3800000,0x00000000f3800000,0x00000000f4400000)
 ParOldGen       total 50688K, used 18169K [0x00000000c2800000, 0x00000000c5980000, 0x00000000eb800000)
  object space 50688K, 35% used [0x00000000c2800000,0x00000000c39be498,0x00000000c5980000)
 Metaspace       used 24783K, capacity 25147K, committed 25344K, reserved 1071104K
  class space    used 2918K, capacity 3016K, committed 3072K, reserved 1048576K
}
Event: 40.243 GC heap before
{Heap before GC invocations=18 (full 1):
 PSYoungGen      total 142336K, used 132430K [0x00000000eb800000, 0x00000000f5680000, 0x0000000100000000)
  eden space 131072K, 100% used [0x00000000eb800000,0x00000000f3800000,0x00000000f3800000)
  from space 11264K, 12% used [0x00000000f4400000,0x00000000f4553890,0x00000000f4f00000)
  to   space 12288K, 0% used [0x00000000f3800000,0x00000000f3800000,0x00000000f4400000)
 ParOldGen       total 50688K, used 18169K [0x00000000c2800000, 0x00000000c5980000, 0x00000000eb800000)
  object space 50688K, 35% used [0x00000000c2800000,0x00000000c39be498,0x00000000c5980000)
 Metaspace       used 24786K, capacity 25147K, committed 25344K, reserved 1071104K
  class space    used 2918K, capacity 3016K, committed 3072K, reserved 1048576K
Event: 40.248 GC heap after
Heap after GC invocations=18 (full 1):
 PSYoungGen      total 143360K, used 1390K [0x00000000eb800000, 0x00000000f5600000, 0x0000000100000000)
  eden space 131072K, 0% used [0x00000000eb800000,0x00000000eb800000,0x00000000f3800000)
  from space 12288K, 11% used [0x00000000f3800000,0x00000000f395b890,0x00000000f4400000)
  to   space 11776K, 0% used [0x00000000f4a80000,0x00000000f4a80000,0x00000000f5600000)
 ParOldGen       total 50688K, used 18169K [0x00000000c2800000, 0x00000000c5980000, 0x00000000eb800000)
  object space 50688K, 35% used [0x00000000c2800000,0x00000000c39be498,0x00000000c5980000)
 Metaspace       used 24786K, capacity 25147K, committed 25344K, reserved 1071104K
  class space    used 2918K, capacity 3016K, committed 3072K, reserved 1048576K
}
Event: 42.005 GC heap before
{Heap before GC invocations=19 (full 1):
 PSYoungGen      total 143360K, used 132462K [0x00000000eb800000, 0x00000000f5600000, 0x0000000100000000)
  eden space 131072K, 100% used [0x00000000eb800000,0x00000000f3800000,0x00000000f3800000)
  from space 12288K, 11% used [0x00000000f3800000,0x00000000f395b890,0x00000000f4400000)
  to   space 11776K, 0% used [0x00000000f4a80000,0x00000000f4a80000,0x00000000f5600000)
 ParOldGen       total 50688K, used 18169K [0x00000000c2800000, 0x00000000c5980000, 0x00000000eb800000)
  object space 50688K, 35% used [0x00000000c2800000,0x00000000c39be498,0x00000000c5980000)
 Metaspace       used 24789K, capacity 25147K, committed 25344K, reserved 1071104K
  class space    used 2918K, capacity 3016K, committed 3072K, reserved 1048576K
Event: 42.011 GC heap after
Heap after GC invocations=19 (full 1):
 PSYoungGen      total 148992K, used 1422K [0x00000000eb800000, 0x00000000f5500000, 0x0000000100000000)
  eden space 138240K, 0% used [0x00000000eb800000,0x00000000eb800000,0x00000000f3f00000)
  from space 10752K, 13% used [0x00000000f4a80000,0x00000000f4be3890,0x00000000f5500000)
  to   space 11264K, 0% used [0x00000000f3f00000,0x00000000f3f00000,0x00000000f4a00000)
 ParOldGen       total 50688K, used 18169K [0x00000000c2800000, 0x00000000c5980000, 0x00000000eb800000)
  object space 50688K, 35% used [0x00000000c2800000,0x00000000c39be498,0x00000000c5980000)
 Metaspace       used 24789K, capacity 25147K, committed 25344K, reserved 1071104K
  class space    used 2918K, capacity 3016K, committed 3072K, reserved 1048576K
}
Event: 43.647 GC heap before
{Heap before GC invocations=20 (full 1):
 PSYoungGen      total 148992K, used 139662K [0x00000000eb800000, 0x00000000f5500000, 0x0000000100000000)
  eden space 138240K, 100% used [0x00000000eb800000,0x00000000f3f00000,0x00000000f3f00000)
  from space 10752K, 13% used [0x00000000f4a80000,0x00000000f4be3890,0x00000000f5500000)
  to   space 11264K, 0% used [0x00000000f3f00000,0x00000000f3f00000,0x00000000f4a00000)
 ParOldGen       total 50688K, used 18169K [0x00000000c2800000, 0x00000000c5980000, 0x00000000eb800000)
  object space 50688K, 35% used [0x00000000c2800000,0x00000000c39be498,0x00000000c5980000)
 Metaspace       used 24790K, capacity 25147K, committed 25344K, reserved 1071104K
  class space    used 2918K, capacity 3016K, committed 3072K, reserved 1048576K
Event: 43.652 GC heap after
Heap after GC invocations=20 (full 1):
 PSYoungGen      total 149504K, used 1486K [0x00000000eb800000, 0x00000000f5b00000, 0x0000000100000000)
  eden space 138240K, 0% used [0x00000000eb800000,0x00000000eb800000,0x00000000f3f00000)
  from space 11264K, 13% used [0x00000000f3f00000,0x00000000f4073890,0x00000000f4a00000)
  to   space 10752K, 0% used [0x00000000f5080000,0x00000000f5080000,0x00000000f5b00000)
 ParOldGen       total 50688K, used 18169K [0x00000000c2800000, 0x00000000c5980000, 0x00000000eb800000)
  object space 50688K, 35% used [0x00000000c2800000,0x00000000c39be498,0x00000000c5980000)
 Metaspace       used 24790K, capacity 25147K, committed 25344K, reserved 1071104K
  class space    used 2918K, capacity 3016K, committed 3072K, reserved 1048576K
}

